<?xml version="1.0" encoding="UTF-8"?>
<!-- Generated by org.testng.reporters.JUnitReportReporter -->
<testsuite hostname="AGRNT-WS-003" failures="0" tests="1" name="Reports.ExtentReports.ExtentReportDemo" time="3.109" errors="0" timestamp="2022-08-24T18:09:33 IST" skipped="0">
  <testcase classname="Reports.ExtentReports.ExtentReportDemo" name="intialDemo" time="3.109"/>
  <system-out/>
</testsuite> <!-- Reports.ExtentReports.ExtentReportDemo -->
